[2012-03-17 09:11:14] request.ERROR: Symfony\Component\HttpKernel\Exception\NotFoundHttpException: No route found for "GET /" (uncaught exception) at /opt/lampp/htdocs/DessineMoiUnCadeau/vendor/symfony/src/Symfony/Bundle/FrameworkBundle/EventListener/RouterListener.php line 83 [] []
[2012-03-17 09:11:27] request.ERROR: Symfony\Component\HttpKernel\Exception\NotFoundHttpException: No route found for "GET /web_appdev.php" (uncaught exception) at /opt/lampp/htdocs/DessineMoiUnCadeau/vendor/symfony/src/Symfony/Bundle/FrameworkBundle/EventListener/RouterListener.php line 83 [] []
[2012-03-17 09:25:11] request.ERROR: Symfony\Component\HttpKernel\Exception\NotFoundHttpException: No route found for "GET /" (uncaught exception) at /opt/lampp/htdocs/DessineMoiUnCadeau/app/cache/prod/classes.php line 4564 [] []
[2012-03-19 14:05:49] request.ERROR: Symfony\Component\HttpKernel\Exception\NotFoundHttpException: No route found for "GET /bundles/dmcmain/css/bootstrap-responsive.css" (uncaught exception) at /homez.184/trouveso/dev/app/cache/prod/classes.php line 4564 [] []
[2012-03-19 14:05:49] request.ERROR: Symfony\Component\HttpKernel\Exception\NotFoundHttpException: No route found for "GET /bundles/dmcmain/css/bootstrap.css.css" (uncaught exception) at /homez.184/trouveso/dev/app/cache/prod/classes.php line 4564 [] []
[2012-03-19 14:06:41] request.ERROR: Symfony\Component\HttpKernel\Exception\NotFoundHttpException: No route found for "GET /bundles/dmcmain/css/bootstrap.css.css" (uncaught exception) at /homez.184/trouveso/dev/app/cache/prod/classes.php line 4564 [] []
[2012-03-19 14:07:20] request.ERROR: Symfony\Component\HttpKernel\Exception\NotFoundHttpException: No route found for "GET /bundles/dmcmain/css/bootstrap.css.css" (uncaught exception) at /homez.184/trouveso/dev/app/cache/prod/classes.php line 4564 [] []
[2012-03-19 14:25:44] request.ERROR: Symfony\Component\HttpKernel\Exception\NotFoundHttpException: No route found for "GET /bundles/dmcmain/images/glyphicons-halflings.png" (uncaught exception) at /homez.184/trouveso/dev/app/cache/prod/classes.php line 4564 [] []
[2012-03-19 14:27:19] request.ERROR: Symfony\Component\HttpKernel\Exception\NotFoundHttpException: No route found for "GET /bundles/dmcmain/images/glyphicons-halflings.png" (uncaught exception) at /homez.184/trouveso/dev/app/cache/prod/classes.php line 4564 [] []
[2012-03-19 14:28:04] request.ERROR: Symfony\Component\HttpKernel\Exception\NotFoundHttpException: No route found for "GET /bundles/dmcmain/images/glyphicons-halflings.png" (uncaught exception) at /homez.184/trouveso/dev/app/cache/prod/classes.php line 4564 [] []
[2012-03-19 14:28:10] request.ERROR: Symfony\Component\HttpKernel\Exception\NotFoundHttpException: No route found for "GET /bundles/dmcmain/images/glyphicons-halflings.png" (uncaught exception) at /homez.184/trouveso/dev/app/cache/prod/classes.php line 4564 [] []
[2012-03-19 14:28:46] request.ERROR: Symfony\Component\HttpKernel\Exception\NotFoundHttpException: No route found for "GET /bundles/dmcmain/images/glyphicons-halflings.png" (uncaught exception) at /homez.184/trouveso/dev/app/cache/prod/classes.php line 4564 [] []
[2012-03-19 14:30:01] request.ERROR: Symfony\Component\HttpKernel\Exception\NotFoundHttpException: No route found for "GET /bundles/dmcmain/images/glyphicons-halflings.png" (uncaught exception) at /homez.184/trouveso/dev/app/cache/prod/classes.php line 4564 [] []
[2012-03-19 14:30:08] request.ERROR: Symfony\Component\HttpKernel\Exception\NotFoundHttpException: No route found for "GET /bundles/dmcmain/images/glyphicons-halflings.png" (uncaught exception) at /homez.184/trouveso/dev/app/cache/prod/classes.php line 4564 [] []
[2012-03-19 14:31:18] request.ERROR: Symfony\Component\HttpKernel\Exception\NotFoundHttpException: No route found for "GET /bundles/dmcmain/images/glyphicons-halflings.png" (uncaught exception) at /homez.184/trouveso/dev/app/cache/prod/classes.php line 4564 [] []
[2012-03-19 14:32:46] request.ERROR: Symfony\Component\HttpKernel\Exception\NotFoundHttpException: No route found for "GET /bundles/dmcmain/images/glyphicons-halflings.png" (uncaught exception) at /homez.184/trouveso/dev/app/cache/prod/classes.php line 4564 [] []
[2012-03-19 14:34:18] request.ERROR: Symfony\Component\HttpKernel\Exception\NotFoundHttpException: No route found for "GET /bundles/dmcmain/images/glyphicons-halflings.png" (uncaught exception) at /homez.184/trouveso/dev/app/cache/prod/classes.php line 4564 [] []
[2012-03-19 14:36:52] request.ERROR: Symfony\Component\HttpKernel\Exception\NotFoundHttpException: No route found for "GET /bundles/dmcmain/images/glyphicons-halflings.png" (uncaught exception) at /homez.184/trouveso/dev/app/cache/prod/classes.php line 4564 [] []
[2012-03-19 14:39:22] request.ERROR: Symfony\Component\HttpKernel\Exception\NotFoundHttpException: No route found for "GET /bundles/dmcmain/images/glyphicons-halflings.png" (uncaught exception) at /homez.184/trouveso/dev/app/cache/prod/classes.php line 4564 [] []
[2012-03-19 14:40:04] request.ERROR: Symfony\Component\HttpKernel\Exception\NotFoundHttpException: No route found for "GET /bundles/dmcmain/images/glyphicons-halflings.png" (uncaught exception) at /homez.184/trouveso/dev/app/cache/prod/classes.php line 4564 [] []
[2012-03-19 14:41:51] request.ERROR: Symfony\Component\HttpKernel\Exception\NotFoundHttpException: No route found for "GET /bundles/dmcmain/images/glyphicons-halflings.png" (uncaught exception) at /homez.184/trouveso/dev/app/cache/prod/classes.php line 4564 [] []
[2012-03-19 14:43:06] request.ERROR: Symfony\Component\HttpKernel\Exception\NotFoundHttpException: No route found for "GET /bundles/dmcmain/images/glyphicons-halflings.png" (uncaught exception) at /homez.184/trouveso/dev/app/cache/prod/classes.php line 4564 [] []
[2012-03-19 14:43:17] request.ERROR: Symfony\Component\HttpKernel\Exception\NotFoundHttpException: No route found for "GET /bundles/dmcmain/images/glyphicons-halflings.png" (uncaught exception) at /homez.184/trouveso/dev/app/cache/prod/classes.php line 4564 [] []
[2012-03-19 14:43:52] request.ERROR: Symfony\Component\HttpKernel\Exception\NotFoundHttpException: No route found for "GET /bundles/dmcmain/images/glyphicons-halflings.png" (uncaught exception) at /homez.184/trouveso/dev/app/cache/prod/classes.php line 4564 [] []
[2012-03-19 14:45:19] request.ERROR: Symfony\Component\HttpKernel\Exception\NotFoundHttpException: No route found for "GET /bundles/dmcmain/images/glyphicons-halflings.png" (uncaught exception) at /homez.184/trouveso/dev/app/cache/prod/classes.php line 4564 [] []
[2012-03-19 14:45:51] request.ERROR: Symfony\Component\HttpKernel\Exception\NotFoundHttpException: No route found for "GET /bundles/dmcmain/images/glyphicons-halflings.png" (uncaught exception) at /homez.184/trouveso/dev/app/cache/prod/classes.php line 4564 [] []
[2012-03-19 14:49:20] request.ERROR: Symfony\Component\HttpKernel\Exception\NotFoundHttpException: No route found for "GET /bundles/dmcmain/images/glyphicons-halflings.png" (uncaught exception) at /homez.184/trouveso/dev/app/cache/prod/classes.php line 4564 [] []
[2012-03-19 14:49:35] request.ERROR: Symfony\Component\HttpKernel\Exception\NotFoundHttpException: No route found for "GET /bundles/dmcmain/images/glyphicons-halflings.png" (uncaught exception) at /homez.184/trouveso/dev/app/cache/prod/classes.php line 4564 [] []
[2012-03-19 14:50:16] request.ERROR: Symfony\Component\HttpKernel\Exception\NotFoundHttpException: No route found for "GET /bundles/dmcmain/images/glyphicons-halflings.png" (uncaught exception) at /homez.184/trouveso/dev/app/cache/prod/classes.php line 4564 [] []
[2012-03-19 14:50:32] request.ERROR: Symfony\Component\HttpKernel\Exception\NotFoundHttpException: No route found for "GET /bundles/dmcmain/images/glyphicons-halflings.png" (uncaught exception) at /homez.184/trouveso/dev/app/cache/prod/classes.php line 4564 [] []
[2012-03-19 14:50:38] request.ERROR: Symfony\Component\HttpKernel\Exception\NotFoundHttpException: No route found for "GET /bundles/dmcmain/images/glyphicons-halflings.png" (uncaught exception) at /homez.184/trouveso/dev/app/cache/prod/classes.php line 4564 [] []
[2012-03-19 14:50:40] request.ERROR: Symfony\Component\HttpKernel\Exception\NotFoundHttpException: No route found for "GET /bundles/dmcmain/images/glyphicons-halflings.png" (uncaught exception) at /homez.184/trouveso/dev/app/cache/prod/classes.php line 4564 [] []
[2012-03-19 14:50:42] request.ERROR: Symfony\Component\HttpKernel\Exception\NotFoundHttpException: No route found for "GET /bundles/dmcmain/images/glyphicons-halflings.png" (uncaught exception) at /homez.184/trouveso/dev/app/cache/prod/classes.php line 4564 [] []
[2012-03-19 14:55:18] request.ERROR: Symfony\Component\HttpKernel\Exception\NotFoundHttpException: No route found for "GET /bundles/dmcmain/images/glyphicons-halflings.png" (uncaught exception) at /homez.184/trouveso/dev/app/cache/prod/classes.php line 4564 [] []
[2012-03-19 14:58:24] request.ERROR: Symfony\Component\HttpKernel\Exception\NotFoundHttpException: No route found for "GET /bundles/dmcmain/images/glyphicons-halflings.png" (uncaught exception) at /homez.184/trouveso/dev/app/cache/prod/classes.php line 4564 [] []
[2012-03-19 15:01:22] request.ERROR: Symfony\Component\HttpKernel\Exception\NotFoundHttpException: No route found for "GET /bundles/dmcmain/images/glyphicons-halflings.png" (uncaught exception) at /homez.184/trouveso/dev/app/cache/prod/classes.php line 4564 [] []
[2012-03-19 15:02:09] request.ERROR: Symfony\Component\HttpKernel\Exception\NotFoundHttpException: No route found for "GET /bundles/dmcmain/images/glyphicons-halflings.png" (uncaught exception) at /homez.184/trouveso/dev/app/cache/prod/classes.php line 4564 [] []
[2012-03-19 15:02:22] request.ERROR: Symfony\Component\HttpKernel\Exception\NotFoundHttpException: No route found for "GET /bundles/dmcmain/images/glyphicons-halflings.png" (uncaught exception) at /homez.184/trouveso/dev/app/cache/prod/classes.php line 4564 [] []
[2012-03-19 15:02:25] request.ERROR: Symfony\Component\HttpKernel\Exception\NotFoundHttpException: No route found for "GET /bundles/dmcmain/images/glyphicons-halflings.png" (uncaught exception) at /homez.184/trouveso/dev/app/cache/prod/classes.php line 4564 [] []
[2012-03-19 15:02:27] request.ERROR: Symfony\Component\HttpKernel\Exception\NotFoundHttpException: No route found for "GET /bundles/dmcmain/images/glyphicons-halflings.png" (uncaught exception) at /homez.184/trouveso/dev/app/cache/prod/classes.php line 4564 [] []
[2012-03-19 15:02:30] request.ERROR: Symfony\Component\HttpKernel\Exception\NotFoundHttpException: No route found for "GET /bundles/dmcmain/images/glyphicons-halflings.png" (uncaught exception) at /homez.184/trouveso/dev/app/cache/prod/classes.php line 4564 [] []
[2012-03-19 15:04:19] request.ERROR: Symfony\Component\HttpKernel\Exception\NotFoundHttpException: No route found for "GET /bundles/dmcmain/images/glyphicons-halflings.png" (uncaught exception) at /homez.184/trouveso/dev/app/cache/prod/classes.php line 4564 [] []
[2012-03-19 15:04:38] request.ERROR: Symfony\Component\HttpKernel\Exception\NotFoundHttpException: No route found for "GET /bundles/dmcmain/images/glyphicons-halflings.png" (uncaught exception) at /homez.184/trouveso/dev/app/cache/prod/classes.php line 4564 [] []
[2012-03-19 15:04:49] request.ERROR: Symfony\Component\HttpKernel\Exception\NotFoundHttpException: No route found for "GET /bundles/dmcmain/images/glyphicons-halflings.png" (uncaught exception) at /homez.184/trouveso/dev/app/cache/prod/classes.php line 4564 [] []
[2012-03-19 15:05:01] request.ERROR: Symfony\Component\HttpKernel\Exception\NotFoundHttpException: No route found for "GET /bundles/dmcmain/images/glyphicons-halflings.png" (uncaught exception) at /homez.184/trouveso/dev/app/cache/prod/classes.php line 4564 [] []
[2012-03-19 15:12:27] request.ERROR: Symfony\Component\HttpKernel\Exception\NotFoundHttpException: No route found for "GET /bundles/dmcmain/images/glyphicons-halflings.png" (uncaught exception) at /homez.184/trouveso/dev/app/cache/prod/classes.php line 4564 [] []
[2012-03-19 15:13:22] request.ERROR: Symfony\Component\HttpKernel\Exception\NotFoundHttpException: No route found for "GET /bundles/dmcmain/images/glyphicons-halflings.png" (uncaught exception) at /homez.184/trouveso/dev/app/cache/prod/classes.php line 4564 [] []
[2012-03-19 15:13:24] request.ERROR: Symfony\Component\HttpKernel\Exception\NotFoundHttpException: No route found for "GET /bundles/dmcmain/images/glyphicons-halflings.png" (uncaught exception) at /homez.184/trouveso/dev/app/cache/prod/classes.php line 4564 [] []
[2012-03-19 15:13:25] request.ERROR: Symfony\Component\HttpKernel\Exception\NotFoundHttpException: No route found for "GET /bundles/dmcmain/images/glyphicons-halflings.png" (uncaught exception) at /homez.184/trouveso/dev/app/cache/prod/classes.php line 4564 [] []
[2012-03-19 15:13:43] request.ERROR: Symfony\Component\HttpKernel\Exception\NotFoundHttpException: No route found for "GET /bundles/dmcmain/images/glyphicons-halflings.png" (uncaught exception) at /homez.184/trouveso/dev/app/cache/prod/classes.php line 4564 [] []
[2012-03-19 15:13:45] request.ERROR: Symfony\Component\HttpKernel\Exception\NotFoundHttpException: No route found for "GET /bundles/dmcmain/images/glyphicons-halflings.png" (uncaught exception) at /homez.184/trouveso/dev/app/cache/prod/classes.php line 4564 [] []
[2012-03-19 15:13:55] request.ERROR: Symfony\Component\HttpKernel\Exception\NotFoundHttpException: No route found for "GET /bundles/dmcmain/images/glyphicons-halflings.png" (uncaught exception) at /homez.184/trouveso/dev/app/cache/prod/classes.php line 4564 [] []
[2012-03-19 15:14:00] request.ERROR: Symfony\Component\HttpKernel\Exception\NotFoundHttpException: No route found for "GET /bundles/dmcmain/images/glyphicons-halflings.png" (uncaught exception) at /homez.184/trouveso/dev/app/cache/prod/classes.php line 4564 [] []
[2012-03-19 15:14:03] request.ERROR: Symfony\Component\HttpKernel\Exception\NotFoundHttpException: No route found for "GET /bundles/dmcmain/images/glyphicons-halflings.png" (uncaught exception) at /homez.184/trouveso/dev/app/cache/prod/classes.php line 4564 [] []
[2012-03-19 15:14:06] request.ERROR: Symfony\Component\HttpKernel\Exception\NotFoundHttpException: No route found for "GET /bundles/dmcmain/images/glyphicons-halflings.png" (uncaught exception) at /homez.184/trouveso/dev/app/cache/prod/classes.php line 4564 [] []
[2012-03-19 15:14:17] request.ERROR: Symfony\Component\HttpKernel\Exception\NotFoundHttpException: No route found for "GET /bundles/dmcmain/images/glyphicons-halflings.png" (uncaught exception) at /homez.184/trouveso/dev/app/cache/prod/classes.php line 4564 [] []
[2012-03-19 15:19:10] request.ERROR: Symfony\Component\HttpKernel\Exception\NotFoundHttpException: No route found for "GET /bundles/dmcmain/images/glyphicons-halflings.png" (uncaught exception) at /homez.184/trouveso/dev/app/cache/prod/classes.php line 4564 [] []
[2012-03-19 15:19:13] request.ERROR: Symfony\Component\HttpKernel\Exception\NotFoundHttpException: No route found for "GET /bundles/dmcmain/images/glyphicons-halflings.png" (uncaught exception) at /homez.184/trouveso/dev/app/cache/prod/classes.php line 4564 [] []
[2012-03-19 15:19:25] request.ERROR: Symfony\Component\HttpKernel\Exception\NotFoundHttpException: No route found for "GET /bundles/dmcmain/images/glyphicons-halflings.png" (uncaught exception) at /homez.184/trouveso/dev/app/cache/prod/classes.php line 4564 [] []
[2012-03-19 15:20:25] request.ERROR: Symfony\Component\HttpKernel\Exception\NotFoundHttpException: No route found for "GET /bundles/dmcmain/images/glyphicons-halflings.png" (uncaught exception) at /homez.184/trouveso/dev/app/cache/prod/classes.php line 4564 [] []
[2012-03-19 15:20:29] request.ERROR: Symfony\Component\HttpKernel\Exception\NotFoundHttpException: No route found for "GET /bundles/dmcmain/images/glyphicons-halflings.png" (uncaught exception) at /homez.184/trouveso/dev/app/cache/prod/classes.php line 4564 [] []
[2012-03-19 15:21:04] request.ERROR: Symfony\Component\HttpKernel\Exception\NotFoundHttpException: No route found for "GET /bundles/dmcmain/images/glyphicons-halflings.png" (uncaught exception) at /homez.184/trouveso/dev/app/cache/prod/classes.php line 4564 [] []
[2012-03-19 15:22:12] request.ERROR: Symfony\Component\HttpKernel\Exception\NotFoundHttpException: No route found for "GET /bundles/dmcmain/images/glyphicons-halflings.png" (uncaught exception) at /homez.184/trouveso/dev/app/cache/prod/classes.php line 4564 [] []
[2012-03-19 15:22:18] request.ERROR: Symfony\Component\HttpKernel\Exception\NotFoundHttpException: No route found for "GET /bundles/dmcmain/images/glyphicons-halflings.png" (uncaught exception) at /homez.184/trouveso/dev/app/cache/prod/classes.php line 4564 [] []
[2012-03-19 15:22:31] request.ERROR: Symfony\Component\HttpKernel\Exception\NotFoundHttpException: No route found for "GET /bundles/dmcmain/images/glyphicons-halflings.png" (uncaught exception) at /homez.184/trouveso/dev/app/cache/prod/classes.php line 4564 [] []
[2012-03-19 15:22:48] request.ERROR: Symfony\Component\HttpKernel\Exception\NotFoundHttpException: No route found for "GET /bundles/dmcmain/images/glyphicons-halflings.png" (uncaught exception) at /homez.184/trouveso/dev/app/cache/prod/classes.php line 4564 [] []
[2012-03-19 15:22:56] request.ERROR: Symfony\Component\HttpKernel\Exception\NotFoundHttpException: No route found for "GET /bundles/dmcmain/images/glyphicons-halflings.png" (uncaught exception) at /homez.184/trouveso/dev/app/cache/prod/classes.php line 4564 [] []
[2012-03-19 15:23:15] request.ERROR: Symfony\Component\HttpKernel\Exception\NotFoundHttpException: No route found for "GET /bundles/dmcmain/images/glyphicons-halflings.png" (uncaught exception) at /homez.184/trouveso/dev/app/cache/prod/classes.php line 4564 [] []
[2012-03-19 15:23:19] request.ERROR: Symfony\Component\HttpKernel\Exception\NotFoundHttpException: No route found for "GET /bundles/dmcmain/images/glyphicons-halflings.png" (uncaught exception) at /homez.184/trouveso/dev/app/cache/prod/classes.php line 4564 [] []
[2012-03-19 15:23:45] request.ERROR: Symfony\Component\HttpKernel\Exception\NotFoundHttpException: No route found for "GET /bundles/dmcmain/images/glyphicons-halflings.png" (uncaught exception) at /homez.184/trouveso/dev/app/cache/prod/classes.php line 4564 [] []
[2012-03-19 15:23:53] request.ERROR: Symfony\Component\HttpKernel\Exception\NotFoundHttpException: No route found for "GET /bundles/dmcmain/images/glyphicons-halflings.png" (uncaught exception) at /homez.184/trouveso/dev/app/cache/prod/classes.php line 4564 [] []
[2012-03-19 15:24:37] request.ERROR: Symfony\Component\HttpKernel\Exception\NotFoundHttpException: No route found for "GET /bundles/dmcmain/images/glyphicons-halflings.png" (uncaught exception) at /homez.184/trouveso/dev/app/cache/prod/classes.php line 4564 [] []
[2012-03-19 15:24:42] request.ERROR: Symfony\Component\HttpKernel\Exception\NotFoundHttpException: No route found for "GET /bundles/dmcmain/images/glyphicons-halflings.png" (uncaught exception) at /homez.184/trouveso/dev/app/cache/prod/classes.php line 4564 [] []
[2012-03-19 15:24:45] request.ERROR: Symfony\Component\HttpKernel\Exception\NotFoundHttpException: No route found for "GET /bundles/dmcmain/images/glyphicons-halflings.png" (uncaught exception) at /homez.184/trouveso/dev/app/cache/prod/classes.php line 4564 [] []
[2012-03-19 15:24:49] request.ERROR: Symfony\Component\HttpKernel\Exception\NotFoundHttpException: No route found for "GET /bundles/dmcmain/images/glyphicons-halflings.png" (uncaught exception) at /homez.184/trouveso/dev/app/cache/prod/classes.php line 4564 [] []
[2012-03-19 15:24:56] request.ERROR: Symfony\Component\HttpKernel\Exception\NotFoundHttpException: No route found for "GET /bundles/dmcmain/images/glyphicons-halflings.png" (uncaught exception) at /homez.184/trouveso/dev/app/cache/prod/classes.php line 4564 [] []
[2012-03-19 15:25:03] request.ERROR: Symfony\Component\HttpKernel\Exception\NotFoundHttpException: No route found for "GET /bundles/dmcmain/images/glyphicons-halflings.png" (uncaught exception) at /homez.184/trouveso/dev/app/cache/prod/classes.php line 4564 [] []
[2012-03-19 15:25:05] request.ERROR: Symfony\Component\HttpKernel\Exception\NotFoundHttpException: No route found for "GET /bundles/dmcmain/images/glyphicons-halflings.png" (uncaught exception) at /homez.184/trouveso/dev/app/cache/prod/classes.php line 4564 [] []
[2012-03-19 15:25:07] request.ERROR: Symfony\Component\HttpKernel\Exception\NotFoundHttpException: No route found for "GET /bundles/dmcmain/images/glyphicons-halflings.png" (uncaught exception) at /homez.184/trouveso/dev/app/cache/prod/classes.php line 4564 [] []
[2012-03-19 15:33:17] request.ERROR: Symfony\Component\HttpKernel\Exception\NotFoundHttpException: No route found for "GET /bundles/dmcmain/images/glyphicons-halflings.png" (uncaught exception) at /homez.184/trouveso/dev/app/cache/prod/classes.php line 4564 [] []
[2012-03-19 15:33:27] request.ERROR: Symfony\Component\HttpKernel\Exception\NotFoundHttpException: No route found for "GET /bundles/dmcmain/images/glyphicons-halflings.png" (uncaught exception) at /homez.184/trouveso/dev/app/cache/prod/classes.php line 4564 [] []
[2012-03-19 21:47:59] request.ERROR: Symfony\Component\HttpKernel\Exception\NotFoundHttpException: No route found for "GET /bundles/dmcmain/images/glyphicons-halflings.png" (uncaught exception) at /homez.184/trouveso/dev/app/cache/prod/classes.php line 4564 [] []
[2012-03-20 08:45:41] request.ERROR: Symfony\Component\HttpKernel\Exception\NotFoundHttpException: No route found for "GET /bundles/dmcmain/images/glyphicons-halflings.png" (uncaught exception) at /homez.184/trouveso/dev/app/cache/prod/classes.php line 4564 [] []
[2012-03-20 08:46:02] request.ERROR: Symfony\Component\HttpKernel\Exception\NotFoundHttpException: No route found for "GET /bundles/dmcmain/images/glyphicons-halflings.png" (uncaught exception) at /homez.184/trouveso/dev/app/cache/prod/classes.php line 4564 [] []
[2012-03-20 08:46:09] request.ERROR: Symfony\Component\HttpKernel\Exception\NotFoundHttpException: No route found for "GET /bundles/dmcmain/images/glyphicons-halflings.png" (uncaught exception) at /homez.184/trouveso/dev/app/cache/prod/classes.php line 4564 [] []
[2012-03-20 08:59:04] request.ERROR: Symfony\Component\HttpKernel\Exception\NotFoundHttpException: No route found for "GET /bundles/dmcmain/images/glyphicons-halflings.png" (uncaught exception) at /homez.184/trouveso/dev/app/cache/prod/classes.php line 4564 [] []
[2012-03-20 08:59:11] request.ERROR: Symfony\Component\HttpKernel\Exception\NotFoundHttpException: No route found for "GET /bundles/dmcmain/images/glyphicons-halflings.png" (uncaught exception) at /homez.184/trouveso/dev/app/cache/prod/classes.php line 4564 [] []
[2012-03-20 08:59:27] request.ERROR: Symfony\Component\HttpKernel\Exception\NotFoundHttpException: No route found for "GET /bundles/dmcmain/images/glyphicons-halflings.png" (uncaught exception) at /homez.184/trouveso/dev/app/cache/prod/classes.php line 4564 [] []
[2012-03-20 08:59:29] request.ERROR: Symfony\Component\HttpKernel\Exception\NotFoundHttpException: No route found for "GET /bundles/dmcmain/images/glyphicons-halflings.png" (uncaught exception) at /homez.184/trouveso/dev/app/cache/prod/classes.php line 4564 [] []
[2012-03-20 08:59:33] request.ERROR: Symfony\Component\HttpKernel\Exception\NotFoundHttpException: No route found for "GET /bundles/dmcmain/images/glyphicons-halflings.png" (uncaught exception) at /homez.184/trouveso/dev/app/cache/prod/classes.php line 4564 [] []
[2012-03-20 08:59:38] request.ERROR: Symfony\Component\HttpKernel\Exception\NotFoundHttpException: No route found for "GET /bundles/dmcmain/images/glyphicons-halflings.png" (uncaught exception) at /homez.184/trouveso/dev/app/cache/prod/classes.php line 4564 [] []
[2012-03-20 09:01:03] request.ERROR: Symfony\Component\HttpKernel\Exception\NotFoundHttpException: No route found for "GET /bundles/dmcmain/images/glyphicons-halflings.png" (uncaught exception) at /homez.184/trouveso/dev/app/cache/prod/classes.php line 4564 [] []
[2012-03-20 09:01:04] request.ERROR: Symfony\Component\HttpKernel\Exception\NotFoundHttpException: No route found for "GET /bundles/dmcmain/images/glyphicons-halflings.png" (uncaught exception) at /homez.184/trouveso/dev/app/cache/prod/classes.php line 4564 [] []
[2012-03-20 09:01:11] request.ERROR: Symfony\Component\HttpKernel\Exception\NotFoundHttpException: No route found for "GET /bundles/dmcmain/images/glyphicons-halflings.png" (uncaught exception) at /homez.184/trouveso/dev/app/cache/prod/classes.php line 4564 [] []
[2012-03-20 09:04:30] request.ERROR: Symfony\Component\HttpKernel\Exception\NotFoundHttpException: No route found for "GET /bundles/dmcmain/images/glyphicons-halflings.png" (uncaught exception) at /homez.184/trouveso/dev/app/cache/prod/classes.php line 4564 [] []
[2012-03-20 09:04:57] request.ERROR: Symfony\Component\HttpKernel\Exception\NotFoundHttpException: No route found for "GET /bundles/dmcmain/images/glyphicons-halflings.png" (uncaught exception) at /homez.184/trouveso/dev/app/cache/prod/classes.php line 4564 [] []
[2012-03-20 09:45:00] request.ERROR: Symfony\Component\HttpKernel\Exception\NotFoundHttpException: No route found for "GET /bundles/dmcmain/images/glyphicons-halflings.png" (uncaught exception) at /homez.184/trouveso/dev/app/cache/prod/classes.php line 4564 [] []
[2012-03-20 09:46:08] request.ERROR: Symfony\Component\HttpKernel\Exception\NotFoundHttpException: No route found for "GET /bundles/dmcmain/images/glyphicons-halflings.png" (uncaught exception) at /homez.184/trouveso/dev/app/cache/prod/classes.php line 4564 [] []
[2012-03-20 09:59:44] request.ERROR: Symfony\Component\HttpKernel\Exception\NotFoundHttpException: No route found for "GET /bundles/dmcmain/images/glyphicons-halflings.png" (uncaught exception) at /homez.184/trouveso/dev/app/cache/prod/classes.php line 4564 [] []
[2012-03-20 10:04:43] request.ERROR: Symfony\Component\HttpKernel\Exception\NotFoundHttpException: No route found for "GET /bundles/dmcmain/images/glyphicons-halflings.png" (uncaught exception) at /homez.184/trouveso/dev/app/cache/prod/classes.php line 4564 [] []
[2012-03-20 10:12:06] request.ERROR: Symfony\Component\HttpKernel\Exception\NotFoundHttpException: No route found for "GET /bundles/dmcmain/images/glyphicons-halflings.png" (uncaught exception) at /homez.184/trouveso/dev/app/cache/prod/classes.php line 4564 [] []
[2012-03-20 10:25:25] request.ERROR: Symfony\Component\HttpKernel\Exception\NotFoundHttpException: No route found for "GET /bundles/dmcmain/images/glyphicons-halflings.png" (uncaught exception) at /homez.184/trouveso/dev/app/cache/prod/classes.php line 4564 [] []
[2012-03-20 10:25:44] request.ERROR: Symfony\Component\HttpKernel\Exception\NotFoundHttpException: No route found for "GET /bundles/dmcmain/images/glyphicons-halflings.png" (uncaught exception) at /homez.184/trouveso/dev/app/cache/prod/classes.php line 4564 [] []
[2012-03-20 10:28:38] request.ERROR: Symfony\Component\HttpKernel\Exception\NotFoundHttpException: No route found for "GET /bundles/dmcmain/images/glyphicons-halflings.png" (uncaught exception) at /homez.184/trouveso/dev/app/cache/prod/classes.php line 4564 [] []
[2012-03-20 10:30:51] request.ERROR: Symfony\Component\HttpKernel\Exception\NotFoundHttpException: No route found for "GET /bundles/dmcmain/images/glyphicons-halflings.png" (uncaught exception) at /homez.184/trouveso/dev/app/cache/prod/classes.php line 4564 [] []
[2012-03-20 10:30:51] request.ERROR: Symfony\Component\HttpKernel\Exception\NotFoundHttpException: No route found for "GET /bundles/dmcmain/images/glyphicons-halflings.png" (uncaught exception) at /homez.184/trouveso/dev/app/cache/prod/classes.php line 4564 [] []
[2012-03-20 10:47:40] request.ERROR: Symfony\Component\HttpKernel\Exception\NotFoundHttpException: No route found for "GET /bundles/dmcmain/images/glyphicons-halflings.png" (uncaught exception) at /homez.184/trouveso/dev/app/cache/prod/classes.php line 4564 [] []
[2012-03-20 10:48:21] request.ERROR: Symfony\Component\HttpKernel\Exception\NotFoundHttpException: No route found for "GET /bundles/dmcmain/images/glyphicons-halflings.png" (uncaught exception) at /homez.184/trouveso/dev/app/cache/prod/classes.php line 4564 [] []
[2012-03-20 16:30:06] request.ERROR: Symfony\Component\HttpKernel\Exception\NotFoundHttpException: No route found for "GET /bundles/dmcmain/images/glyphicons-halflings.png" (uncaught exception) at /homez.184/trouveso/dev/app/cache/prod/classes.php line 4564 [] []
[2012-03-20 16:33:05] request.ERROR: Symfony\Component\HttpKernel\Exception\NotFoundHttpException: No route found for "GET /bundles/dmcmain/images/glyphicons-halflings.png" (uncaught exception) at /homez.184/trouveso/dev/app/cache/prod/classes.php line 4564 [] []
[2012-03-20 16:33:11] request.ERROR: Symfony\Component\HttpKernel\Exception\NotFoundHttpException: No route found for "GET /bundles/dmcmain/images/glyphicons-halflings.png" (uncaught exception) at /homez.184/trouveso/dev/app/cache/prod/classes.php line 4564 [] []
[2012-03-20 16:33:33] request.ERROR: Symfony\Component\HttpKernel\Exception\NotFoundHttpException: No route found for "GET /bundles/dmcmain/images/glyphicons-halflings.png" (uncaught exception) at /homez.184/trouveso/dev/app/cache/prod/classes.php line 4564 [] []
[2012-03-20 16:33:36] request.ERROR: Symfony\Component\HttpKernel\Exception\NotFoundHttpException: No route found for "GET /bundles/dmcmain/images/glyphicons-halflings.png" (uncaught exception) at /homez.184/trouveso/dev/app/cache/prod/classes.php line 4564 [] []
[2012-03-20 16:33:58] request.ERROR: Symfony\Component\HttpKernel\Exception\NotFoundHttpException: No route found for "GET /bundles/dmcmain/images/glyphicons-halflings.png" (uncaught exception) at /homez.184/trouveso/dev/app/cache/prod/classes.php line 4564 [] []
[2012-03-20 16:34:01] request.ERROR: Symfony\Component\HttpKernel\Exception\NotFoundHttpException: No route found for "GET /bundles/dmcmain/images/glyphicons-halflings.png" (uncaught exception) at /homez.184/trouveso/dev/app/cache/prod/classes.php line 4564 [] []
[2012-03-20 16:34:29] request.ERROR: Symfony\Component\HttpKernel\Exception\NotFoundHttpException: No route found for "GET /bundles/dmcmain/images/glyphicons-halflings.png" (uncaught exception) at /homez.184/trouveso/dev/app/cache/prod/classes.php line 4564 [] []
[2012-03-20 16:34:34] request.ERROR: Symfony\Component\HttpKernel\Exception\NotFoundHttpException: No route found for "GET /bundles/dmcmain/images/glyphicons-halflings.png" (uncaught exception) at /homez.184/trouveso/dev/app/cache/prod/classes.php line 4564 [] []
[2012-03-20 16:35:11] request.ERROR: Symfony\Component\HttpKernel\Exception\NotFoundHttpException: No route found for "GET /bundles/dmcmain/images/glyphicons-halflings.png" (uncaught exception) at /homez.184/trouveso/dev/app/cache/prod/classes.php line 4564 [] []
[2012-03-20 16:35:15] request.ERROR: Symfony\Component\HttpKernel\Exception\NotFoundHttpException: No route found for "GET /bundles/dmcmain/images/glyphicons-halflings.png" (uncaught exception) at /homez.184/trouveso/dev/app/cache/prod/classes.php line 4564 [] []
[2012-03-20 16:35:32] request.ERROR: Symfony\Component\HttpKernel\Exception\NotFoundHttpException: No route found for "GET /bundles/dmcmain/images/glyphicons-halflings.png" (uncaught exception) at /homez.184/trouveso/dev/app/cache/prod/classes.php line 4564 [] []
[2012-03-20 16:35:35] request.ERROR: Symfony\Component\HttpKernel\Exception\NotFoundHttpException: No route found for "GET /bundles/dmcmain/images/glyphicons-halflings.png" (uncaught exception) at /homez.184/trouveso/dev/app/cache/prod/classes.php line 4564 [] []
[2012-03-20 16:37:04] request.ERROR: Symfony\Component\HttpKernel\Exception\NotFoundHttpException: No route found for "GET /bundles/dmcmain/images/glyphicons-halflings.png" (uncaught exception) at /homez.184/trouveso/dev/app/cache/prod/classes.php line 4564 [] []
[2012-03-20 16:50:00] security.DEBUG: Read SecurityContext from the session [] []
[2012-03-20 16:50:00] security.DEBUG: Reloading user from user provider. [] []
[2012-03-20 16:50:00] security.DEBUG: Username "Bankette" was reloaded from user provider. [] []
[2012-03-20 16:50:00] request.ERROR: Symfony\Component\HttpKernel\Exception\NotFoundHttpException: No route found for "GET /bundles/dmcmain/images/glyphicons-halflings.png" (uncaught exception) at /homez.184/trouveso/dev/vendor/symfony/src/Symfony/Bundle/FrameworkBundle/EventListener/RouterListener.php line 83 [] []
[2012-03-20 16:50:01] security.DEBUG: Write SecurityContext in the session [] []
[2012-03-20 16:50:11] security.DEBUG: Read SecurityContext from the session [] []
[2012-03-20 16:50:11] security.DEBUG: Reloading user from user provider. [] []
[2012-03-20 16:50:11] security.DEBUG: Username "Bankette" was reloaded from user provider. [] []
[2012-03-20 16:50:11] request.ERROR: Symfony\Component\HttpKernel\Exception\NotFoundHttpException: No route found for "GET /bundles/dmcmain/images/glyphicons-halflings.png" (uncaught exception) at /homez.184/trouveso/dev/vendor/symfony/src/Symfony/Bundle/FrameworkBundle/EventListener/RouterListener.php line 83 [] []
[2012-03-20 16:50:11] security.DEBUG: Write SecurityContext in the session [] []
[2012-03-20 16:50:14] security.DEBUG: Read SecurityContext from the session [] []
[2012-03-20 16:50:14] security.DEBUG: Reloading user from user provider. [] []
[2012-03-20 16:50:14] security.DEBUG: Username "Bankette" was reloaded from user provider. [] []
[2012-03-20 16:50:14] request.ERROR: Symfony\Component\HttpKernel\Exception\NotFoundHttpException: No route found for "GET /bundles/dmcmain/images/glyphicons-halflings.png" (uncaught exception) at /homez.184/trouveso/dev/app/cache/prod/classes.php line 4564 [] []
[2012-03-20 16:50:14] security.DEBUG: Write SecurityContext in the session [] []
[2012-03-20 16:51:05] security.DEBUG: Read SecurityContext from the session [] []
[2012-03-20 16:51:05] security.DEBUG: Reloading user from user provider. [] []
[2012-03-20 16:51:05] security.DEBUG: Username "Bankette" was reloaded from user provider. [] []
[2012-03-20 16:51:05] request.ERROR: Symfony\Component\HttpKernel\Exception\NotFoundHttpException: No route found for "GET /bundles/dmcmain/images/glyphicons-halflings.png" (uncaught exception) at /homez.184/trouveso/dev/app/cache/prod/classes.php line 4564 [] []
[2012-03-20 16:51:05] security.DEBUG: Write SecurityContext in the session [] []
[2012-03-20 16:51:09] security.DEBUG: Read SecurityContext from the session [] []
[2012-03-20 16:51:09] security.DEBUG: Reloading user from user provider. [] []
[2012-03-20 16:51:09] security.DEBUG: Username "Bankette" was reloaded from user provider. [] []
[2012-03-20 16:51:09] request.ERROR: Symfony\Component\HttpKernel\Exception\NotFoundHttpException: No route found for "GET /bundles/dmcmain/images/glyphicons-halflings.png" (uncaught exception) at /homez.184/trouveso/dev/app/cache/prod/classes.php line 4564 [] []
[2012-03-20 16:51:10] security.DEBUG: Write SecurityContext in the session [] []
[2012-03-20 16:51:15] security.DEBUG: Read SecurityContext from the session [] []
[2012-03-20 16:51:15] security.DEBUG: Reloading user from user provider. [] []
[2012-03-20 16:51:15] security.DEBUG: Username "Bankette" was reloaded from user provider. [] []
[2012-03-20 16:51:15] request.ERROR: Symfony\Component\HttpKernel\Exception\NotFoundHttpException: No route found for "GET /bundles/dmcmain/images/glyphicons-halflings.png" (uncaught exception) at /homez.184/trouveso/dev/app/cache/prod/classes.php line 4564 [] []
[2012-03-20 16:51:15] security.DEBUG: Write SecurityContext in the session [] []
[2012-03-20 16:51:32] security.DEBUG: Read SecurityContext from the session [] []
[2012-03-20 16:51:32] security.DEBUG: Reloading user from user provider. [] []
[2012-03-20 16:51:32] security.DEBUG: Username "Bankette" was reloaded from user provider. [] []
[2012-03-20 16:51:32] request.ERROR: Symfony\Component\HttpKernel\Exception\NotFoundHttpException: No route found for "GET /bundles/dmcmain/images/glyphicons-halflings.png" (uncaught exception) at /homez.184/trouveso/dev/app/cache/prod/classes.php line 4564 [] []
[2012-03-20 16:51:32] security.DEBUG: Write SecurityContext in the session [] []
[2012-03-20 16:57:59] security.DEBUG: Read SecurityContext from the session [] []
[2012-03-20 16:57:59] security.DEBUG: Reloading user from user provider. [] []
[2012-03-20 16:57:59] security.DEBUG: Username "Bankette" was reloaded from user provider. [] []
[2012-03-20 16:57:59] request.ERROR: Symfony\Component\HttpKernel\Exception\NotFoundHttpException: No route found for "GET /bundles/dmcmain/images/glyphicons-halflings.png" (uncaught exception) at /homez.184/trouveso/dev/app/cache/prod/classes.php line 4564 [] []
[2012-03-20 16:57:59] security.DEBUG: Write SecurityContext in the session [] []
[2012-03-20 16:58:05] security.DEBUG: Read SecurityContext from the session [] []
[2012-03-20 16:58:05] security.DEBUG: Reloading user from user provider. [] []
[2012-03-20 16:58:05] security.DEBUG: Username "Bankette" was reloaded from user provider. [] []
[2012-03-20 16:58:05] request.ERROR: Symfony\Component\HttpKernel\Exception\NotFoundHttpException: No route found for "GET /bundles/dmcmain/images/glyphicons-halflings.png" (uncaught exception) at /homez.184/trouveso/dev/app/cache/prod/classes.php line 4564 [] []
[2012-03-20 16:58:05] security.DEBUG: Write SecurityContext in the session [] []
[2012-03-20 16:58:07] security.DEBUG: Read SecurityContext from the session [] []
[2012-03-20 16:58:07] security.DEBUG: Reloading user from user provider. [] []
[2012-03-20 16:58:08] security.DEBUG: Username "Bankette" was reloaded from user provider. [] []
[2012-03-20 16:58:08] request.ERROR: Symfony\Component\HttpKernel\Exception\NotFoundHttpException: No route found for "GET /bundles/dmcmain/images/glyphicons-halflings.png" (uncaught exception) at /homez.184/trouveso/dev/app/cache/prod/classes.php line 4564 [] []
[2012-03-20 16:58:08] security.DEBUG: Write SecurityContext in the session [] []
[2012-03-20 16:58:10] security.DEBUG: Read SecurityContext from the session [] []
[2012-03-20 16:58:10] security.DEBUG: Reloading user from user provider. [] []
[2012-03-20 16:58:10] security.DEBUG: Username "Bankette" was reloaded from user provider. [] []
[2012-03-20 16:58:10] request.ERROR: Symfony\Component\HttpKernel\Exception\NotFoundHttpException: No route found for "GET /bundles/dmcmain/images/glyphicons-halflings.png" (uncaught exception) at /homez.184/trouveso/dev/app/cache/prod/classes.php line 4564 [] []
[2012-03-20 16:58:10] security.DEBUG: Write SecurityContext in the session [] []
[2012-03-20 16:58:13] security.DEBUG: Read SecurityContext from the session [] []
[2012-03-20 16:58:13] security.DEBUG: Reloading user from user provider. [] []
[2012-03-20 16:58:13] security.DEBUG: Username "Bankette" was reloaded from user provider. [] []
[2012-03-20 16:58:13] request.ERROR: Symfony\Component\HttpKernel\Exception\NotFoundHttpException: No route found for "GET /bundles/dmcmain/images/glyphicons-halflings.png" (uncaught exception) at /homez.184/trouveso/dev/app/cache/prod/classes.php line 4564 [] []
[2012-03-20 16:58:13] security.DEBUG: Write SecurityContext in the session [] []
[2012-03-20 16:58:15] security.DEBUG: Read SecurityContext from the session [] []
[2012-03-20 16:58:15] security.DEBUG: Reloading user from user provider. [] []
[2012-03-20 16:58:15] security.DEBUG: Username "Bankette" was reloaded from user provider. [] []
[2012-03-20 16:58:15] request.ERROR: Symfony\Component\HttpKernel\Exception\NotFoundHttpException: No route found for "GET /bundles/dmcmain/images/glyphicons-halflings.png" (uncaught exception) at /homez.184/trouveso/dev/app/cache/prod/classes.php line 4564 [] []
[2012-03-20 16:58:15] security.DEBUG: Write SecurityContext in the session [] []
[2012-03-20 16:58:18] security.DEBUG: Read SecurityContext from the session [] []
[2012-03-20 16:58:18] security.DEBUG: Reloading user from user provider. [] []
[2012-03-20 16:58:18] security.DEBUG: Username "Bankette" was reloaded from user provider. [] []
[2012-03-20 16:58:18] request.ERROR: Symfony\Component\HttpKernel\Exception\NotFoundHttpException: No route found for "GET /bundles/dmcmain/images/glyphicons-halflings.png" (uncaught exception) at /homez.184/trouveso/dev/app/cache/prod/classes.php line 4564 [] []
[2012-03-20 16:58:18] security.DEBUG: Write SecurityContext in the session [] []
[2012-03-20 16:58:32] security.DEBUG: Read SecurityContext from the session [] []
[2012-03-20 16:58:32] security.DEBUG: Reloading user from user provider. [] []
[2012-03-20 16:58:33] security.DEBUG: Username "Bankette" was reloaded from user provider. [] []
[2012-03-20 16:58:33] request.ERROR: Symfony\Component\HttpKernel\Exception\NotFoundHttpException: No route found for "GET /bundles/dmcmain/images/glyphicons-halflings.png" (uncaught exception) at /homez.184/trouveso/dev/app/cache/prod/classes.php line 4564 [] []
[2012-03-20 16:58:33] security.DEBUG: Write SecurityContext in the session [] []
[2012-03-20 16:58:37] security.DEBUG: Read SecurityContext from the session [] []
[2012-03-20 16:58:37] security.DEBUG: Reloading user from user provider. [] []
[2012-03-20 16:58:37] security.DEBUG: Username "Bankette" was reloaded from user provider. [] []
[2012-03-20 16:58:37] request.ERROR: Symfony\Component\HttpKernel\Exception\NotFoundHttpException: No route found for "GET /bundles/dmcmain/images/glyphicons-halflings.png" (uncaught exception) at /homez.184/trouveso/dev/app/cache/prod/classes.php line 4564 [] []
[2012-03-20 16:58:37] security.DEBUG: Write SecurityContext in the session [] []
[2012-03-20 16:58:40] security.DEBUG: Read SecurityContext from the session [] []
[2012-03-20 16:58:40] security.DEBUG: Reloading user from user provider. [] []
[2012-03-20 16:58:40] security.DEBUG: Username "Bankette" was reloaded from user provider. [] []
[2012-03-20 16:58:40] request.ERROR: Symfony\Component\HttpKernel\Exception\NotFoundHttpException: No route found for "GET /bundles/dmcmain/images/glyphicons-halflings.png" (uncaught exception) at /homez.184/trouveso/dev/app/cache/prod/classes.php line 4564 [] []
[2012-03-20 16:58:40] security.DEBUG: Write SecurityContext in the session [] []
[2012-03-20 16:58:46] security.DEBUG: Read SecurityContext from the session [] []
[2012-03-20 16:58:46] security.DEBUG: Reloading user from user provider. [] []
[2012-03-20 16:58:46] security.DEBUG: Username "Bankette" was reloaded from user provider. [] []
[2012-03-20 16:58:46] request.ERROR: Symfony\Component\HttpKernel\Exception\NotFoundHttpException: No route found for "GET /bundles/dmcmain/images/glyphicons-halflings.png" (uncaught exception) at /homez.184/trouveso/dev/app/cache/prod/classes.php line 4564 [] []
[2012-03-20 16:58:46] security.DEBUG: Write SecurityContext in the session [] []
[2012-03-20 16:58:50] security.DEBUG: Read SecurityContext from the session [] []
[2012-03-20 16:58:50] security.DEBUG: Reloading user from user provider. [] []
[2012-03-20 16:58:50] security.DEBUG: Username "Bankette" was reloaded from user provider. [] []
[2012-03-20 16:58:50] request.ERROR: Symfony\Component\HttpKernel\Exception\NotFoundHttpException: No route found for "GET /bundles/dmcmain/images/glyphicons-halflings.png" (uncaught exception) at /homez.184/trouveso/dev/app/cache/prod/classes.php line 4564 [] []
[2012-03-20 16:58:50] security.DEBUG: Write SecurityContext in the session [] []
[2012-03-20 16:58:57] security.DEBUG: Read SecurityContext from the session [] []
[2012-03-20 16:58:57] security.DEBUG: Reloading user from user provider. [] []
[2012-03-20 16:58:57] security.DEBUG: Username "Bankette" was reloaded from user provider. [] []
[2012-03-20 16:58:57] request.ERROR: Symfony\Component\HttpKernel\Exception\NotFoundHttpException: No route found for "GET /bundles/dmcmain/images/glyphicons-halflings.png" (uncaught exception) at /homez.184/trouveso/dev/app/cache/prod/classes.php line 4564 [] []
[2012-03-20 16:58:57] security.DEBUG: Write SecurityContext in the session [] []
[2012-03-20 16:59:44] security.DEBUG: Read SecurityContext from the session [] []
[2012-03-20 16:59:44] security.DEBUG: Reloading user from user provider. [] []
[2012-03-20 16:59:45] security.DEBUG: Username "Bankette" was reloaded from user provider. [] []
[2012-03-20 16:59:45] request.ERROR: Symfony\Component\HttpKernel\Exception\NotFoundHttpException: No route found for "GET /bundles/dmcmain/images/glyphicons-halflings.png" (uncaught exception) at /homez.184/trouveso/dev/app/cache/prod/classes.php line 4564 [] []
[2012-03-20 16:59:45] security.DEBUG: Write SecurityContext in the session [] []
[2012-03-20 16:59:47] security.DEBUG: Read SecurityContext from the session [] []
[2012-03-20 16:59:47] security.DEBUG: Reloading user from user provider. [] []
[2012-03-20 16:59:47] security.DEBUG: Username "Bankette" was reloaded from user provider. [] []
[2012-03-20 16:59:47] request.ERROR: Symfony\Component\HttpKernel\Exception\NotFoundHttpException: No route found for "GET /bundles/dmcmain/images/glyphicons-halflings.png" (uncaught exception) at /homez.184/trouveso/dev/app/cache/prod/classes.php line 4564 [] []
[2012-03-20 16:59:48] security.DEBUG: Write SecurityContext in the session [] []
[2012-03-20 16:59:50] security.DEBUG: Read SecurityContext from the session [] []
[2012-03-20 16:59:50] security.DEBUG: Reloading user from user provider. [] []
[2012-03-20 16:59:50] security.DEBUG: Username "Bankette" was reloaded from user provider. [] []
[2012-03-20 16:59:50] request.ERROR: Symfony\Component\HttpKernel\Exception\NotFoundHttpException: No route found for "GET /bundles/dmcmain/images/glyphicons-halflings.png" (uncaught exception) at /homez.184/trouveso/dev/app/cache/prod/classes.php line 4564 [] []
[2012-03-20 16:59:50] security.DEBUG: Write SecurityContext in the session [] []
[2012-03-20 17:00:33] security.DEBUG: Read SecurityContext from the session [] []
[2012-03-20 17:00:33] security.DEBUG: Reloading user from user provider. [] []
[2012-03-20 17:00:33] security.DEBUG: Username "Bankette" was reloaded from user provider. [] []
[2012-03-20 17:00:33] request.ERROR: Symfony\Component\HttpKernel\Exception\NotFoundHttpException: No route found for "GET /bundles/dmcmain/images/glyphicons-halflings.png" (uncaught exception) at /homez.184/trouveso/dev/app/cache/prod/classes.php line 4564 [] []
[2012-03-20 17:00:33] security.DEBUG: Write SecurityContext in the session [] []
[2012-03-20 17:18:00] security.DEBUG: Read SecurityContext from the session [] []
[2012-03-20 17:18:00] security.DEBUG: Reloading user from user provider. [] []
[2012-03-20 17:18:00] security.DEBUG: Username "Bankette" was reloaded from user provider. [] []
[2012-03-20 17:18:00] request.ERROR: Symfony\Component\HttpKernel\Exception\NotFoundHttpException: No route found for "GET /bundles/dmcmain/images/glyphicons-halflings.png" (uncaught exception) at /homez.184/trouveso/dev/app/cache/prod/classes.php line 4564 [] []
[2012-03-20 17:18:00] security.DEBUG: Write SecurityContext in the session [] []
[2012-03-20 22:25:29] security.DEBUG: Read SecurityContext from the session [] []
[2012-03-20 22:25:29] security.DEBUG: Reloading user from user provider. [] []
[2012-03-20 22:25:29] security.DEBUG: Username "Bankette" was reloaded from user provider. [] []
[2012-03-20 22:25:29] request.ERROR: Symfony\Component\HttpKernel\Exception\NotFoundHttpException: No route found for "GET /bundles/dmcmain/images/glyphicons-halflings.png" (uncaught exception) at /homez.184/trouveso/dev/app/cache/prod/classes.php line 4564 [] []
[2012-03-20 22:25:29] security.DEBUG: Write SecurityContext in the session [] []
[2012-03-20 22:25:35] security.DEBUG: Read SecurityContext from the session [] []
[2012-03-20 22:25:35] security.DEBUG: Reloading user from user provider. [] []
[2012-03-20 22:25:35] security.DEBUG: Username "Bankette" was reloaded from user provider. [] []
[2012-03-20 22:25:35] request.ERROR: Symfony\Component\HttpKernel\Exception\NotFoundHttpException: No route found for "GET /bundles/dmcmain/images/glyphicons-halflings.png" (uncaught exception) at /homez.184/trouveso/dev/app/cache/prod/classes.php line 4564 [] []
[2012-03-20 22:25:35] security.DEBUG: Write SecurityContext in the session [] []
[2012-03-20 22:25:38] security.DEBUG: Read SecurityContext from the session [] []
[2012-03-20 22:25:38] security.DEBUG: Reloading user from user provider. [] []
[2012-03-20 22:25:38] security.DEBUG: Username "Bankette" was reloaded from user provider. [] []
[2012-03-20 22:25:38] request.ERROR: Symfony\Component\HttpKernel\Exception\NotFoundHttpException: No route found for "GET /bundles/dmcmain/images/glyphicons-halflings.png" (uncaught exception) at /homez.184/trouveso/dev/app/cache/prod/classes.php line 4564 [] []
[2012-03-20 22:25:38] security.DEBUG: Write SecurityContext in the session [] []
[2012-03-20 22:25:41] security.DEBUG: Read SecurityContext from the session [] []
[2012-03-20 22:25:41] security.DEBUG: Reloading user from user provider. [] []
[2012-03-20 22:25:41] security.DEBUG: Username "Bankette" was reloaded from user provider. [] []
[2012-03-20 22:25:41] request.ERROR: Symfony\Component\HttpKernel\Exception\NotFoundHttpException: No route found for "GET /bundles/dmcmain/images/glyphicons-halflings.png" (uncaught exception) at /homez.184/trouveso/dev/app/cache/prod/classes.php line 4564 [] []
[2012-03-20 22:25:41] security.DEBUG: Write SecurityContext in the session [] []
[2012-03-20 22:25:46] security.DEBUG: Read SecurityContext from the session [] []
[2012-03-20 22:25:46] security.DEBUG: Reloading user from user provider. [] []
[2012-03-20 22:25:46] security.DEBUG: Username "Bankette" was reloaded from user provider. [] []
[2012-03-20 22:25:46] request.ERROR: Symfony\Component\HttpKernel\Exception\NotFoundHttpException: No route found for "GET /bundles/dmcmain/images/glyphicons-halflings.png" (uncaught exception) at /homez.184/trouveso/dev/app/cache/prod/classes.php line 4564 [] []
[2012-03-20 22:25:46] security.DEBUG: Write SecurityContext in the session [] []
[2012-03-20 22:25:54] security.DEBUG: Read SecurityContext from the session [] []
[2012-03-20 22:25:54] security.DEBUG: Reloading user from user provider. [] []
[2012-03-20 22:25:54] security.DEBUG: Username "Bankette" was reloaded from user provider. [] []
[2012-03-20 22:25:54] request.ERROR: Symfony\Component\HttpKernel\Exception\NotFoundHttpException: No route found for "GET /bundles/dmcmain/images/glyphicons-halflings.png" (uncaught exception) at /homez.184/trouveso/dev/app/cache/prod/classes.php line 4564 [] []
[2012-03-20 22:25:54] security.DEBUG: Write SecurityContext in the session [] []
[2012-03-20 22:41:57] security.DEBUG: Read SecurityContext from the session [] []
[2012-03-20 22:41:57] security.DEBUG: Reloading user from user provider. [] []
[2012-03-20 22:41:57] security.DEBUG: Username "Bankette" was reloaded from user provider. [] []
[2012-03-20 22:41:57] request.ERROR: Symfony\Component\HttpKernel\Exception\NotFoundHttpException: No route found for "GET /bundles/dmcmain/images/glyphicons-halflings.png" (uncaught exception) at /homez.184/trouveso/dev/app/cache/prod/classes.php line 4564 [] []
[2012-03-20 22:41:57] security.DEBUG: Write SecurityContext in the session [] []
[2012-03-20 22:42:01] security.DEBUG: Read SecurityContext from the session [] []
[2012-03-20 22:42:01] security.DEBUG: Reloading user from user provider. [] []
[2012-03-20 22:42:01] security.DEBUG: Username "Bankette" was reloaded from user provider. [] []
[2012-03-20 22:42:01] request.ERROR: Symfony\Component\HttpKernel\Exception\NotFoundHttpException: No route found for "GET /bundles/dmcmain/images/glyphicons-halflings.png" (uncaught exception) at /homez.184/trouveso/dev/app/cache/prod/classes.php line 4564 [] []
[2012-03-20 22:42:01] security.DEBUG: Write SecurityContext in the session [] []
[2012-03-20 22:42:08] security.DEBUG: Read SecurityContext from the session [] []
[2012-03-20 22:42:08] security.DEBUG: Reloading user from user provider. [] []
[2012-03-20 22:42:08] security.DEBUG: Username "Bankette" was reloaded from user provider. [] []
[2012-03-20 22:42:08] request.ERROR: Symfony\Component\HttpKernel\Exception\NotFoundHttpException: No route found for "GET /bundles/dmcmain/images/glyphicons-halflings.png" (uncaught exception) at /homez.184/trouveso/dev/app/cache/prod/classes.php line 4564 [] []
[2012-03-20 22:42:08] security.DEBUG: Write SecurityContext in the session [] []
[2012-03-20 22:42:10] security.DEBUG: Read SecurityContext from the session [] []
[2012-03-20 22:42:10] security.DEBUG: Reloading user from user provider. [] []
[2012-03-20 22:42:10] security.DEBUG: Username "Bankette" was reloaded from user provider. [] []
[2012-03-20 22:42:10] request.ERROR: Symfony\Component\HttpKernel\Exception\NotFoundHttpException: No route found for "GET /bundles/dmcmain/images/glyphicons-halflings.png" (uncaught exception) at /homez.184/trouveso/dev/app/cache/prod/classes.php line 4564 [] []
[2012-03-20 22:42:10] security.DEBUG: Write SecurityContext in the session [] []
[2012-03-20 22:43:05] security.DEBUG: Read SecurityContext from the session [] []
[2012-03-20 22:43:05] security.DEBUG: Reloading user from user provider. [] []
[2012-03-20 22:43:05] security.DEBUG: Username "Bankette" was reloaded from user provider. [] []
[2012-03-20 22:43:05] request.ERROR: Symfony\Component\HttpKernel\Exception\NotFoundHttpException: No route found for "GET /bundles/dmcmain/images/glyphicons-halflings.png" (uncaught exception) at /homez.184/trouveso/dev/vendor/symfony/src/Symfony/Bundle/FrameworkBundle/EventListener/RouterListener.php line 83 [] []
[2012-03-20 22:43:05] security.DEBUG: Write SecurityContext in the session [] []
[2012-03-20 22:44:11] security.DEBUG: Read SecurityContext from the session [] []
[2012-03-20 22:44:11] security.DEBUG: Reloading user from user provider. [] []
[2012-03-20 22:44:11] security.DEBUG: Username "Bankette" was reloaded from user provider. [] []
[2012-03-20 22:44:11] request.ERROR: Symfony\Component\HttpKernel\Exception\NotFoundHttpException: No route found for "GET /bundles/dmcmain/images/glyphicons-halflings.png" (uncaught exception) at /homez.184/trouveso/dev/vendor/symfony/src/Symfony/Bundle/FrameworkBundle/EventListener/RouterListener.php line 83 [] []
[2012-03-20 22:44:11] security.DEBUG: Write SecurityContext in the session [] []
[2012-03-20 22:46:15] security.DEBUG: Read SecurityContext from the session [] []
[2012-03-20 22:46:15] security.DEBUG: Reloading user from user provider. [] []
[2012-03-20 22:46:15] security.DEBUG: Username "Bankette" was reloaded from user provider. [] []
[2012-03-20 22:46:15] request.ERROR: Symfony\Component\HttpKernel\Exception\NotFoundHttpException: No route found for "GET /bundles/dmcmain/images/glyphicons-halflings.png" (uncaught exception) at /homez.184/trouveso/dev/vendor/symfony/src/Symfony/Bundle/FrameworkBundle/EventListener/RouterListener.php line 83 [] []
[2012-03-20 22:46:15] security.DEBUG: Write SecurityContext in the session [] []
[2012-03-20 22:46:34] security.DEBUG: Read SecurityContext from the session [] []
[2012-03-20 22:46:34] security.DEBUG: Reloading user from user provider. [] []
[2012-03-20 22:46:34] security.DEBUG: Username "Bankette" was reloaded from user provider. [] []
[2012-03-20 22:46:34] request.ERROR: Symfony\Component\HttpKernel\Exception\NotFoundHttpException: No route found for "GET /bundles/dmcmain/images/glyphicons-halflings.png" (uncaught exception) at /homez.184/trouveso/dev/vendor/symfony/src/Symfony/Bundle/FrameworkBundle/EventListener/RouterListener.php line 83 [] []
[2012-03-20 22:46:34] security.DEBUG: Write SecurityContext in the session [] []
[2012-03-21 10:38:17] security.INFO: Populated SecurityContext with an anonymous Token [] []
[2012-03-21 10:38:17] request.ERROR: Symfony\Component\HttpKernel\Exception\NotFoundHttpException: No route found for "GET /web/" (uncaught exception) at /homez.184/trouveso/dev/vendor/symfony/src/Symfony/Bundle/FrameworkBundle/EventListener/RouterListener.php line 83 [] []
[2012-03-21 11:28:04] security.INFO: Populated SecurityContext with an anonymous Token [] []
[2012-03-21 11:28:04] request.ERROR: Symfony\Component\HttpKernel\Exception\NotFoundHttpException: No route found for "GET /web/app_dev.php/" (uncaught exception) at /homez.184/trouveso/dev/vendor/symfony/src/Symfony/Bundle/FrameworkBundle/EventListener/RouterListener.php line 83 [] []
[2012-03-21 17:23:21] security.INFO: Populated SecurityContext with an anonymous Token [] []
[2012-03-21 17:23:21] request.ERROR: Symfony\Component\HttpKernel\Exception\NotFoundHttpException: No route found for "GET /web/app_dev.php/" (uncaught exception) at /homez.184/trouveso/dev/vendor/symfony/src/Symfony/Bundle/FrameworkBundle/EventListener/RouterListener.php line 83 [] []
[2012-03-21 17:23:27] security.INFO: Populated SecurityContext with an anonymous Token [] []
[2012-03-21 17:23:27] request.ERROR: Symfony\Component\HttpKernel\Exception\NotFoundHttpException: No route found for "GET /web/app_dev.php/" (uncaught exception) at /homez.184/trouveso/dev/app/cache/prod/classes.php line 4564 [] []
[2012-03-21 17:34:56] security.INFO: Populated SecurityContext with an anonymous Token [] []
[2012-03-21 17:34:56] request.ERROR: Symfony\Component\HttpKernel\Exception\NotFoundHttpException: No route found for "GET /bundles/dmcmain/images/glyphicons-halflings.png" (uncaught exception) at /homez.184/trouveso/dev/app/cache/prod/classes.php line 4564 [] []
[2012-03-21 17:46:24] security.DEBUG: Read SecurityContext from the session [] []
[2012-03-21 17:46:24] security.DEBUG: Reloading user from user provider. [] []
[2012-03-21 17:46:24] security.DEBUG: Username "Bankette" was reloaded from user provider. [] []
[2012-03-21 17:46:24] request.ERROR: Symfony\Component\HttpKernel\Exception\NotFoundHttpException: No route found for "GET /bundles/dmcmain/images/glyphicons-halflings.png" (uncaught exception) at /homez.184/trouveso/dev/app/cache/prod/classes.php line 4564 [] []
[2012-03-21 17:46:24] security.DEBUG: Write SecurityContext in the session [] []
[2012-03-21 17:54:42] security.DEBUG: Read SecurityContext from the session [] []
[2012-03-21 17:54:42] security.DEBUG: Reloading user from user provider. [] []
[2012-03-21 17:54:42] security.DEBUG: Username "Bankette" was reloaded from user provider. [] []
[2012-03-21 17:54:42] request.ERROR: Symfony\Component\HttpKernel\Exception\NotFoundHttpException: No route found for "GET /bundles/dmcmain/images/glyphicons-halflings.png" (uncaught exception) at /homez.184/trouveso/dev/vendor/symfony/src/Symfony/Bundle/FrameworkBundle/EventListener/RouterListener.php line 83 [] []
[2012-03-21 17:54:42] security.DEBUG: Write SecurityContext in the session [] []
[2012-03-21 17:55:18] security.DEBUG: Read SecurityContext from the session [] []
[2012-03-21 17:55:18] security.DEBUG: Reloading user from user provider. [] []
[2012-03-21 17:55:18] security.DEBUG: Username "Bankette" was reloaded from user provider. [] []
[2012-03-21 17:55:18] request.ERROR: Symfony\Component\HttpKernel\Exception\NotFoundHttpException: No route found for "GET /bundles/dmcmain/images/glyphicons-halflings.png" (uncaught exception) at /homez.184/trouveso/dev/vendor/symfony/src/Symfony/Bundle/FrameworkBundle/EventListener/RouterListener.php line 83 [] []
[2012-03-21 17:55:18] security.DEBUG: Write SecurityContext in the session [] []
[2012-03-21 18:37:47] security.INFO: Populated SecurityContext with an anonymous Token [] []
[2012-03-21 18:37:48] request.ERROR: Symfony\Component\HttpKernel\Exception\NotFoundHttpException: No route found for "GET /quisommesnous" (uncaught exception) at /homez.184/trouveso/dev/app/cache/prod/classes.php line 4564 [] []
[2012-03-21 18:37:52] security.INFO: Populated SecurityContext with an anonymous Token [] []
[2012-03-21 18:37:52] request.ERROR: Symfony\Component\HttpKernel\Exception\NotFoundHttpException: No route found for "GET /quisommesnous" (uncaught exception) at /homez.184/trouveso/dev/app/cache/prod/classes.php line 4564 [] []
[2012-03-21 18:50:22] security.INFO: Populated SecurityContext with an anonymous Token [] []
[2012-03-21 18:50:22] request.ERROR: Symfony\Component\HttpKernel\Exception\NotFoundHttpException: No route found for "GET /web/app_dev.php" (uncaught exception) at /homez.184/trouveso/dev/app/cache/prod/classes.php line 4564 [] []
[2012-03-21 22:32:41] security.INFO: Populated SecurityContext with an anonymous Token [] []
[2012-03-21 22:32:41] request.ERROR: Symfony\Component\HttpKernel\Exception\NotFoundHttpException: No route found for "GET /contact" (uncaught exception) at /homez.184/trouveso/dev/app/cache/prod/classes.php line 4564 [] []
[2012-03-21 22:32:50] security.INFO: Populated SecurityContext with an anonymous Token [] []
[2012-03-21 22:32:50] request.ERROR: Symfony\Component\HttpKernel\Exception\NotFoundHttpException: No route found for "GET /contac" (uncaught exception) at /homez.184/trouveso/dev/app/cache/prod/classes.php line 4564 [] []
[2012-03-21 22:32:53] security.INFO: Populated SecurityContext with an anonymous Token [] []
[2012-03-21 22:32:53] request.ERROR: Symfony\Component\HttpKernel\Exception\NotFoundHttpException: No route found for "GET /contact" (uncaught exception) at /homez.184/trouveso/dev/app/cache/prod/classes.php line 4564 [] []
[2012-03-21 22:32:59] security.INFO: Populated SecurityContext with an anonymous Token [] []
[2012-03-21 22:32:59] request.ERROR: Symfony\Component\HttpKernel\Exception\NotFoundHttpException: No route found for "GET /quisommesnous" (uncaught exception) at /homez.184/trouveso/dev/app/cache/prod/classes.php line 4564 [] []
[2012-03-21 22:34:57] security.INFO: Populated SecurityContext with an anonymous Token [] []
[2012-03-21 22:34:57] request.ERROR: Symfony\Component\HttpKernel\Exception\NotFoundHttpException: No route found for "GET /quisommesnous" (uncaught exception) at /homez.184/trouveso/dev/app/cache/prod/classes.php line 4564 [] []
[2012-03-22 13:55:37] security.DEBUG: Read SecurityContext from the session [] []
[2012-03-22 13:55:37] security.DEBUG: Reloading user from user provider. [] []
[2012-03-22 13:55:37] security.DEBUG: Username "alan345" was reloaded from user provider. [] []
[2012-03-22 13:55:37] request.ERROR: Symfony\Component\HttpKernel\Exception\NotFoundHttpException: No route found for "GET /bundles/dmcmain/images/glyphicons-halflings.png" (uncaught exception) at /homez.184/trouveso/dev/app/cache/prod/classes.php line 4564 [] []
[2012-03-22 13:55:37] security.DEBUG: Write SecurityContext in the session [] []
[2012-03-22 13:56:00] security.DEBUG: Read SecurityContext from the session [] []
[2012-03-22 13:56:00] security.DEBUG: Reloading user from user provider. [] []
[2012-03-22 13:56:00] security.DEBUG: Username "alan345" was reloaded from user provider. [] []
[2012-03-22 13:56:00] request.ERROR: Symfony\Component\HttpKernel\Exception\NotFoundHttpException: No route found for "GET /bundles/dmcmain/images/glyphicons-halflings.png" (uncaught exception) at /homez.184/trouveso/dev/app/cache/prod/classes.php line 4564 [] []
[2012-03-22 13:56:00] security.DEBUG: Write SecurityContext in the session [] []
[2012-03-23 10:40:34] security.INFO: Populated SecurityContext with an anonymous Token [] []
[2012-03-23 10:40:34] request.ERROR: Symfony\Component\HttpKernel\Exception\NotFoundHttpException: No route found for "GET /web/app_dev.php/" (uncaught exception) at /homez.184/trouveso/dev/app/cache/prod/classes.php line 4564 [] []
[2012-03-23 11:18:47] security.INFO: Populated SecurityContext with an anonymous Token [] []
[2012-03-23 11:18:47] request.ERROR: Symfony\Component\HttpKernel\Exception\NotFoundHttpException: No route found for "GET /bundles/dmcmain/css/next-horizontal.png" (uncaught exception) at /homez.184/trouveso/dev/vendor/symfony/src/Symfony/Bundle/FrameworkBundle/EventListener/RouterListener.php line 83 [] []
[2012-03-23 23:04:51] security.INFO: Populated SecurityContext with an anonymous Token [] []
[2012-03-23 23:04:51] request.ERROR: Symfony\Component\HttpKernel\Exception\NotFoundHttpException: No route found for "GET /web/app_dev.php" (uncaught exception) at /homez.184/trouveso/dev/app/cache/prod/classes.php line 4564 [] []
[2012-03-26 11:00:31] security.INFO: Populated SecurityContext with an anonymous Token [] []
[2012-03-26 11:00:31] request.ERROR: Symfony\Component\HttpKernel\Exception\NotFoundHttpException: No route found for "GET /web/app_dev.php/" (uncaught exception) at /homez.184/trouveso/dev/app/cache/prod/classes.php line 4564 [] []
[2012-03-26 11:11:47] security.DEBUG: Read SecurityContext from the session [] []
[2012-03-26 11:11:47] security.DEBUG: Reloading user from user provider. [] []
[2012-03-26 11:11:47] security.DEBUG: Username "Bankette" was reloaded from user provider. [] []
[2012-03-26 11:11:47] request.ERROR: Symfony\Component\HttpKernel\Exception\NotFoundHttpException: No route found for "GET /bundles/dmcmain/images/glyphicons-halflings.png" (uncaught exception) at /homez.184/trouveso/dev/app/cache/prod/classes.php line 4564 [] []
[2012-03-26 11:11:47] security.DEBUG: Write SecurityContext in the session [] []
[2012-03-26 11:12:02] security.DEBUG: Read SecurityContext from the session [] []
[2012-03-26 11:12:02] security.DEBUG: Reloading user from user provider. [] []
[2012-03-26 11:12:03] security.DEBUG: Username "Bankette" was reloaded from user provider. [] []
[2012-03-26 11:12:03] request.ERROR: Symfony\Component\HttpKernel\Exception\NotFoundHttpException: No route found for "GET /bundles/dmcmain/images/glyphicons-halflings.png" (uncaught exception) at /homez.184/trouveso/dev/app/cache/prod/classes.php line 4564 [] []
[2012-03-26 11:12:03] security.DEBUG: Write SecurityContext in the session [] []
[2012-03-26 11:12:05] security.DEBUG: Read SecurityContext from the session [] []
[2012-03-26 11:12:05] security.DEBUG: Reloading user from user provider. [] []
[2012-03-26 11:12:05] security.DEBUG: Username "Bankette" was reloaded from user provider. [] []
[2012-03-26 11:12:05] request.ERROR: Symfony\Component\HttpKernel\Exception\NotFoundHttpException: No route found for "GET /bundles/dmcmain/images/glyphicons-halflings.png" (uncaught exception) at /homez.184/trouveso/dev/app/cache/prod/classes.php line 4564 [] []
[2012-03-26 11:12:05] security.DEBUG: Write SecurityContext in the session [] []
[2012-03-26 11:12:08] security.DEBUG: Read SecurityContext from the session [] []
[2012-03-26 11:12:08] security.DEBUG: Reloading user from user provider. [] []
[2012-03-26 11:12:08] security.DEBUG: Username "Bankette" was reloaded from user provider. [] []
[2012-03-26 11:12:08] request.ERROR: Symfony\Component\HttpKernel\Exception\NotFoundHttpException: No route found for "GET /bundles/dmcmain/images/glyphicons-halflings.png" (uncaught exception) at /homez.184/trouveso/dev/app/cache/prod/classes.php line 4564 [] []
[2012-03-26 11:12:08] security.DEBUG: Write SecurityContext in the session [] []
[2012-03-26 11:12:10] security.DEBUG: Read SecurityContext from the session [] []
[2012-03-26 11:12:10] security.DEBUG: Reloading user from user provider. [] []
[2012-03-26 11:12:10] security.DEBUG: Username "Bankette" was reloaded from user provider. [] []
[2012-03-26 11:12:10] request.ERROR: Symfony\Component\HttpKernel\Exception\NotFoundHttpException: No route found for "GET /bundles/dmcmain/images/glyphicons-halflings.png" (uncaught exception) at /homez.184/trouveso/dev/app/cache/prod/classes.php line 4564 [] []
[2012-03-26 11:12:10] security.DEBUG: Write SecurityContext in the session [] []
[2012-03-26 11:12:11] security.DEBUG: Read SecurityContext from the session [] []
[2012-03-26 11:12:11] security.DEBUG: Reloading user from user provider. [] []
[2012-03-26 11:12:11] security.DEBUG: Username "Bankette" was reloaded from user provider. [] []
[2012-03-26 11:12:11] request.ERROR: Symfony\Component\HttpKernel\Exception\NotFoundHttpException: No route found for "GET /bundles/dmcmain/images/glyphicons-halflings.png" (uncaught exception) at /homez.184/trouveso/dev/app/cache/prod/classes.php line 4564 [] []
[2012-03-26 11:12:12] security.DEBUG: Write SecurityContext in the session [] []
[2012-03-27 10:15:18] security.INFO: Populated SecurityContext with an anonymous Token [] []
[2012-03-27 10:15:18] request.ERROR: Symfony\Component\HttpKernel\Exception\NotFoundHttpException: No route found for "GET /web/app_dev.php/" (uncaught exception) at /homez.184/trouveso/dev/app/cache/prod/classes.php line 4564 [] []
[2012-03-27 23:08:10] security.INFO: Populated SecurityContext with an anonymous Token [] []
[2012-03-27 23:08:10] request.ERROR: Symfony\Component\HttpKernel\Exception\NotFoundHttpException: No route found for "GET /bundles/dmcmain/images/glyphicons-halflings.png" (uncaught exception) at /homez.184/trouveso/dev/app/cache/prod/classes.php line 4564 [] []
[2012-03-27 23:08:32] security.INFO: Populated SecurityContext with an anonymous Token [] []
[2012-03-27 23:08:32] request.ERROR: Symfony\Component\HttpKernel\Exception\NotFoundHttpException: No route found for "GET /bundles/dmcmain/images/glyphicons-halflings.png" (uncaught exception) at /homez.184/trouveso/dev/app/cache/prod/classes.php line 4564 [] []
[2012-03-27 23:09:15] security.INFO: Populated SecurityContext with an anonymous Token [] []
[2012-03-27 23:09:15] request.ERROR: Symfony\Component\HttpKernel\Exception\NotFoundHttpException: No route found for "GET /bundles/dmcmain/images/glyphicons-halflings.png" (uncaught exception) at /homez.184/trouveso/dev/app/cache/prod/classes.php line 4564 [] []
[2012-03-27 23:10:51] security.INFO: Populated SecurityContext with an anonymous Token [] []
[2012-03-27 23:10:51] request.ERROR: Symfony\Component\HttpKernel\Exception\NotFoundHttpException: No route found for "GET /bundles/dmcmain/images/glyphicons-halflings.png" (uncaught exception) at /homez.184/trouveso/dev/app/cache/prod/classes.php line 4564 [] []
[2012-03-27 23:14:47] security.INFO: Populated SecurityContext with an anonymous Token [] []
[2012-03-27 23:14:47] request.ERROR: Symfony\Component\HttpKernel\Exception\NotFoundHttpException: No route found for "GET /bundles/dmcmain/images/glyphicons-halflings.png" (uncaught exception) at /homez.184/trouveso/dev/app/cache/prod/classes.php line 4564 [] []
[2012-03-27 23:15:41] security.INFO: Populated SecurityContext with an anonymous Token [] []
[2012-03-27 23:15:41] request.ERROR: Symfony\Component\HttpKernel\Exception\NotFoundHttpException: No route found for "GET /bundles/dmcmain/images/glyphicons-halflings-white.png" (uncaught exception) at /homez.184/trouveso/dev/app/cache/prod/classes.php line 4564 [] []
[2012-03-27 23:30:33] security.INFO: Populated SecurityContext with an anonymous Token [] []
[2012-03-27 23:30:33] request.ERROR: Symfony\Component\HttpKernel\Exception\NotFoundHttpException: No route found for "GET /bundles/dmcmain/images/glyphicons-halflings-white.png" (uncaught exception) at /homez.184/trouveso/dev/app/cache/prod/classes.php line 4564 [] []
[2012-03-27 23:33:13] security.INFO: Populated SecurityContext with an anonymous Token [] []
[2012-03-27 23:33:13] request.ERROR: Symfony\Component\HttpKernel\Exception\NotFoundHttpException: No route found for "GET /bundles/dmcmain/images/glyphicons-halflings-white.png" (uncaught exception) at /homez.184/trouveso/dev/app/cache/prod/classes.php line 4564 [] []
[2012-03-27 23:33:57] security.INFO: Populated SecurityContext with an anonymous Token [] []
[2012-03-27 23:33:57] request.ERROR: Symfony\Component\HttpKernel\Exception\NotFoundHttpException: No route found for "GET /bundles/dmcmain/images/glyphicons-halflings-white.png" (uncaught exception) at /homez.184/trouveso/dev/app/cache/prod/classes.php line 4564 [] []
[2012-03-27 23:34:45] security.INFO: Populated SecurityContext with an anonymous Token [] []
[2012-03-27 23:34:45] request.ERROR: Symfony\Component\HttpKernel\Exception\NotFoundHttpException: No route found for "GET /bundles/dmcmain/images/glyphicons-halflings-white.png" (uncaught exception) at /homez.184/trouveso/dev/app/cache/prod/classes.php line 4564 [] []
[2012-03-27 23:38:29] security.INFO: Populated SecurityContext with an anonymous Token [] []
[2012-03-27 23:38:29] request.ERROR: Symfony\Component\HttpKernel\Exception\NotFoundHttpException: No route found for "GET /bundles/dmcmain/images/glyphicons-halflings-white.png" (uncaught exception) at /homez.184/trouveso/dev/app/cache/prod/classes.php line 4564 [] []
[2012-03-27 23:39:10] security.INFO: Populated SecurityContext with an anonymous Token [] []
[2012-03-27 23:39:10] request.ERROR: Symfony\Component\HttpKernel\Exception\NotFoundHttpException: No route found for "GET /bundles/dmcmain/images/glyphicons-halflings-white.png" (uncaught exception) at /homez.184/trouveso/dev/app/cache/prod/classes.php line 4564 [] []
[2012-03-27 23:41:36] security.INFO: Populated SecurityContext with an anonymous Token [] []
[2012-03-27 23:41:36] request.ERROR: Symfony\Component\HttpKernel\Exception\NotFoundHttpException: No route found for "GET /bundles/dmcmain/images/glyphicons-halflings-white.png" (uncaught exception) at /homez.184/trouveso/dev/app/cache/prod/classes.php line 4564 [] []
[2012-03-28 08:31:31] security.INFO: Populated SecurityContext with an anonymous Token [] []
[2012-03-28 08:31:31] request.ERROR: Symfony\Component\HttpKernel\Exception\NotFoundHttpException: No route found for "GET /bundles/dmcmain/images/glyphicons-halflings-white.png" (uncaught exception) at /homez.184/trouveso/dev/app/cache/prod/classes.php line 4564 [] []
[2012-03-30 09:36:23] security.INFO: Populated SecurityContext with an anonymous Token [] []
[2012-03-30 09:36:23] request.ERROR: Symfony\Component\HttpKernel\Exception\NotFoundHttpException: No route found for "GET /web/app_dev.php/" (uncaught exception) at /homez.184/trouveso/dev/app/cache/prod/classes.php line 4564 [] []
[2012-03-30 09:36:25] security.INFO: Populated SecurityContext with an anonymous Token [] []
[2012-03-30 09:36:25] request.ERROR: Symfony\Component\HttpKernel\Exception\NotFoundHttpException: No route found for "GET /web/app_dev.php/backoffice" (uncaught exception) at /homez.184/trouveso/dev/app/cache/prod/classes.php line 4564 [] []
[2012-04-02 15:21:01] security.INFO: Populated SecurityContext with an anonymous Token [] []
[2012-04-02 15:21:01] request.ERROR: Symfony\Component\HttpKernel\Exception\NotFoundHttpException: No route found for "GET /web/app_dev.php/" (uncaught exception) at /homez.184/trouveso/dev/app/cache/prod/classes.php line 4564 [] []
[2012-04-03 10:31:13] security.INFO: Populated SecurityContext with an anonymous Token [] []
[2012-04-03 10:31:13] request.ERROR: Symfony\Component\HttpKernel\Exception\NotFoundHttpException: No route found for "GET /bundles/categoriebundle/css/style_frontCategorie.css" (uncaught exception) at /homez.184/trouveso/dev/app/cache/prod/classes.php line 4564 [] []
[2012-04-05 14:29:17] security.INFO: Populated SecurityContext with an anonymous Token [] []
[2012-04-05 14:29:17] request.ERROR: Symfony\Component\HttpKernel\Exception\NotFoundHttpException: No route found for "GET /web/app_dev.php/" (uncaught exception) at /homez.184/trouveso/dev/app/cache/prod/classes.php line 4564 [] []
[2012-04-05 14:51:09] security.INFO: Populated SecurityContext with an anonymous Token [] []
[2012-04-05 14:51:09] request.ERROR: Symfony\Component\HttpKernel\Exception\NotFoundHttpException: No route found for "GET /web/app_dev.php/categorie/1" (uncaught exception) at /homez.184/trouveso/dev/app/cache/prod/classes.php line 4564 [] []
[2012-04-05 14:51:18] security.INFO: Populated SecurityContext with an anonymous Token [] []
[2012-04-05 14:51:18] request.ERROR: Symfony\Component\HttpKernel\Exception\NotFoundHttpException: No route found for "GET /web/app_dev.php/categorie/1" (uncaught exception) at /homez.184/trouveso/dev/app/cache/prod/classes.php line 4564 [] []
[2012-04-05 14:52:23] security.INFO: Populated SecurityContext with an anonymous Token [] []
[2012-04-05 14:52:23] request.ERROR: Symfony\Component\HttpKernel\Exception\NotFoundHttpException: No route found for "GET /web/app_dev.php/categorie/1" (uncaught exception) at /homez.184/trouveso/dev/app/cache/prod/classes.php line 4564 [] []
[2012-04-05 14:52:52] security.INFO: Populated SecurityContext with an anonymous Token [] []
[2012-04-05 14:52:52] request.ERROR: Symfony\Component\HttpKernel\Exception\NotFoundHttpException: No route found for "GET /web/app_dev.php/backoffice" (uncaught exception) at /homez.184/trouveso/dev/app/cache/prod/classes.php line 4564 [] []
[2012-04-05 14:54:05] security.INFO: Populated SecurityContext with an anonymous Token [] []
[2012-04-05 14:54:05] request.ERROR: Symfony\Component\HttpKernel\Exception\NotFoundHttpException: No route found for "GET /web/app_dev.php/" (uncaught exception) at /homez.184/trouveso/dev/app/cache/prod/classes.php line 4564 [] []
[2012-04-05 14:57:17] security.INFO: Populated SecurityContext with an anonymous Token [] []
[2012-04-05 14:57:17] request.ERROR: Symfony\Component\HttpKernel\Exception\NotFoundHttpException: No route found for "GET /web/app_dev.php/" (uncaught exception) at /homez.184/trouveso/dev/app/cache/prod/classes.php line 4564 [] []
[2012-04-05 14:58:25] security.INFO: Populated SecurityContext with an anonymous Token [] []
[2012-04-05 14:58:25] request.ERROR: Symfony\Component\HttpKernel\Exception\NotFoundHttpException: No route found for "GET /web/app_dev.php/" (uncaught exception) at /homez.184/trouveso/dev/vendor/symfony/src/Symfony/Bundle/FrameworkBundle/EventListener/RouterListener.php line 83 [] []
[2012-04-05 14:58:39] security.INFO: Populated SecurityContext with an anonymous Token [] []
[2012-04-05 14:58:39] request.ERROR: Symfony\Component\HttpKernel\Exception\NotFoundHttpException: No route found for "GET /web/" (uncaught exception) at /homez.184/trouveso/dev/vendor/symfony/src/Symfony/Bundle/FrameworkBundle/EventListener/RouterListener.php line 83 [] []
[2012-04-05 17:25:10] security.INFO: Populated SecurityContext with an anonymous Token [] []
[2012-04-05 17:25:10] request.ERROR: Symfony\Component\HttpKernel\Exception\NotFoundHttpException: No route found for "GET /bundles/dmccategorie/css/style_frontArticle.css" (uncaught exception) at /homez.184/trouveso/dev/vendor/symfony/src/Symfony/Bundle/FrameworkBundle/EventListener/RouterListener.php line 83 [] []
